2025-03-24	20:44:07	OPTIONS	/api/login/auth	http://localhost:5173
2025-03-24	20:44:07	POST	/api/login/auth	http://localhost:5173
2025-03-24	20:44:08	POST	/api/login/auth	http://localhost:5173
2025-03-24	20:44:28	OPTIONS	/api/login/auth	http://localhost:5173
2025-03-24	20:45:43	POST	/api/login/auth	undefined
2025-03-24	20:45:49	POST	/api/login/auth	undefined
2025-03-24	20:46:07	POST	/api/login/auth	undefined
2025-03-24	20:46:45	POST	/api/login/auth	undefined
2025-03-24	20:48:08	POST	/api/login	undefined
2025-03-24	20:48:43	OPTIONS	/api/login/auth	http://localhost:5173
2025-03-24	20:49:51	OPTIONS	/api/login	http://localhost:5173
2025-03-24	20:49:51	POST	/api/login	http://localhost:5173
2025-03-24	20:54:00	OPTIONS	/api/login	http://localhost:5173
2025-03-24	20:54:00	POST	/api/login	http://localhost:5173
2025-03-24	20:59:04	OPTIONS	/api/login	http://localhost:5173
2025-03-24	20:59:04	POST	/api/login	http://localhost:5173
2025-03-24	21:01:23	OPTIONS	/api/login	http://localhost:5173
2025-03-24	21:01:23	POST	/api/login	http://localhost:5173
2025-03-24	21:04:48	OPTIONS	/api/login	http://localhost:5173
2025-03-24	21:04:48	POST	/api/login	http://localhost:5173
2025-03-24	21:27:55	OPTIONS	/test	http://localhost:5173
2025-03-24	21:27:55	GET	/test	http://localhost:5173
2025-03-24	21:28:46	OPTIONS	/test	http://localhost:5173
2025-03-24	21:28:46	GET	/test	http://localhost:5173
2025-03-24	21:28:57	OPTIONS	/test	http://localhost:5173
2025-03-24	21:28:57	GET	/test	http://localhost:5173
2025-03-24	21:29:18	OPTIONS	/test	http://localhost:5173
2025-03-24	21:29:18	OPTIONS	/test	http://localhost:5173
2025-03-24	21:29:18	GET	/test	http://localhost:5173
2025-03-24	21:29:18	GET	/test	http://localhost:5173
2025-03-24	21:29:23	GET	/test	http://localhost:5173
2025-03-24	21:29:23	GET	/test	http://localhost:5173
2025-03-24	21:30:10	OPTIONS	/test	http://localhost:5173
2025-03-24	21:30:10	OPTIONS	/test	http://localhost:5173
2025-03-24	21:30:10	GET	/test	http://localhost:5173
2025-03-24	21:30:10	GET	/test	http://localhost:5173
2025-03-24	21:30:12	GET	/test	http://localhost:5173
2025-03-24	21:30:12	GET	/test	http://localhost:5173
2025-03-24	21:30:52	OPTIONS	/test	http://localhost:5173
2025-03-24	21:30:52	GET	/test	http://localhost:5173
2025-03-24	21:30:52	GET	/test	http://localhost:5173
2025-03-24	21:30:54	GET	/test	http://localhost:5173
2025-03-24	21:30:54	GET	/test	http://localhost:5173
2025-03-24	21:30:56	GET	/test	http://localhost:5173
2025-03-24	21:30:56	GET	/test	http://localhost:5173
2025-03-24	21:30:59	OPTIONS	/test	http://localhost:5173
2025-03-24	21:30:59	OPTIONS	/test	http://localhost:5173
2025-03-24	21:30:59	GET	/test	http://localhost:5173
2025-03-24	21:30:59	GET	/test	http://localhost:5173
2025-03-24	21:33:00	GET	/api/test	undefined
2025-03-24	21:33:04	GET	/api/test	undefined
2025-03-24	21:36:23	GET	/api/logout	undefined
2025-03-24	21:36:29	GET	/api/logout	undefined
2025-03-24	21:37:24	GET	/api/logout	undefined
2025-03-24	21:38:23	POST	/api/login	undefined
2025-03-24	21:38:30	POST	/api/login	undefined
2025-03-24	21:38:32	POST	/api/login	undefined
2025-03-24	21:38:35	GET	/api/logout	undefined
2025-03-24	21:38:59	POST	/api/login	undefined
2025-03-24	21:39:23	GET	/api/test	undefined
2025-03-24	21:39:33	GET	/api/test	undefined
2025-03-24	21:39:35	GET	/api/test	undefined
2025-03-24	21:39:40	GET	/api/test	undefined
2025-03-24	21:39:42	GET	/api/test	undefined
2025-03-24	21:39:43	GET	/api/test	undefined
2025-03-24	21:39:44	GET	/api/test	undefined
2025-03-24	21:39:49	GET	/api/test	undefined
2025-03-24	21:40:04	GET	/api/test	undefined
2025-03-24	21:40:05	GET	/api/test	undefined
2025-03-24	21:40:19	GET	/api/test	undefined
2025-03-24	21:40:29	GET	/api/test	undefined
2025-03-24	21:40:32	POST	/api/login	undefined
2025-03-24	21:40:40	GET	/api/test	undefined
2025-03-24	21:40:48	GET	/api/test	undefined
2025-03-24	21:40:50	GET	/api/test	undefined
2025-03-24	21:40:51	GET	/api/test	undefined
2025-03-24	21:40:51	GET	/api/test	undefined
2025-03-24	21:40:52	GET	/api/test	undefined
2025-03-24	21:40:54	GET	/api/test	undefined
2025-03-24	21:41:04	GET	/api/test	undefined
2025-03-24	21:41:45	GET	/api/refrech	undefined
2025-03-24	21:42:07	GET	/api/refresh	undefined
2025-03-24	21:42:19	GET	/api/test	undefined
2025-03-24	21:42:29	GET	/api/refresh	undefined
2025-03-24	21:43:03	GET	/api/refresh	undefined
2025-03-24	21:45:38	OPTIONS	/test	http://localhost:5173
2025-03-24	21:45:38	OPTIONS	/test	http://localhost:5173
2025-03-24	21:45:38	GET	/test	http://localhost:5173
2025-03-24	21:45:38	GET	/test	http://localhost:5173
2025-03-24	21:45:40	GET	/test	http://localhost:5173
2025-03-24	21:45:40	GET	/test	http://localhost:5173
2025-03-24	21:46:30	OPTIONS	/test	http://localhost:5173
2025-03-24	21:46:30	OPTIONS	/test	http://localhost:5173
2025-03-24	21:46:30	GET	/test	http://localhost:5173
2025-03-24	21:46:30	GET	/test	http://localhost:5173
2025-03-24	21:46:30	OPTIONS	/api/refresh	http://localhost:5173
2025-03-24	21:46:30	OPTIONS	/api/refresh	http://localhost:5173
2025-03-24	21:46:30	POST	/api/refresh	http://localhost:5173
2025-03-24	21:46:30	POST	/api/refresh	http://localhost:5173
2025-03-24	21:46:30	OPTIONS	/api/logout	http://localhost:5173
2025-03-24	21:46:30	OPTIONS	/api/logout	http://localhost:5173
2025-03-24	21:46:30	POST	/api/logout	http://localhost:5173
2025-03-24	21:46:30	POST	/api/logout	http://localhost:5173
2025-03-24	21:46:39	OPTIONS	/test	http://localhost:5173
2025-03-24	21:46:39	OPTIONS	/test	http://localhost:5173
2025-03-24	21:46:39	GET	/test	http://localhost:5173
2025-03-24	21:46:39	GET	/test	http://localhost:5173
2025-03-24	21:46:40	GET	/test	http://localhost:5173
2025-03-24	21:46:40	GET	/test	http://localhost:5173
2025-03-24	21:46:42	GET	/test	http://localhost:5173
2025-03-24	21:46:42	GET	/test	http://localhost:5173
2025-03-24	21:46:45	OPTIONS	/test	http://localhost:5173
2025-03-24	21:46:45	OPTIONS	/test	http://localhost:5173
2025-03-24	21:46:45	GET	/test	http://localhost:5173
2025-03-24	21:46:45	GET	/test	http://localhost:5173
2025-03-24	21:47:06	OPTIONS	/test	http://localhost:5173
2025-03-24	21:47:06	OPTIONS	/test	http://localhost:5173
2025-03-24	21:47:06	GET	/test	http://localhost:5173
2025-03-24	21:47:06	GET	/test	http://localhost:5173
2025-03-24	21:47:36	OPTIONS	/test	http://localhost:5173
2025-03-24	21:47:36	OPTIONS	/test	http://localhost:5173
2025-03-24	21:47:36	GET	/test	http://localhost:5173
2025-03-24	21:47:36	GET	/test	http://localhost:5173
2025-03-24	21:47:38	GET	/test	http://localhost:5173
2025-03-24	21:47:38	GET	/test	http://localhost:5173
2025-03-24	21:47:40	GET	/test	http://localhost:5173
2025-03-24	21:47:40	GET	/test	http://localhost:5173
2025-03-24	21:47:41	GET	/test	http://localhost:5173
2025-03-24	21:47:41	GET	/test	http://localhost:5173
2025-03-24	21:51:10	OPTIONS	/test	http://localhost:5173
2025-03-24	21:51:10	OPTIONS	/test	http://localhost:5173
2025-03-24	21:51:10	GET	/test	http://localhost:5173
2025-03-24	21:51:10	GET	/test	http://localhost:5173
2025-03-24	21:51:31	OPTIONS	/test	http://localhost:5173
2025-03-24	21:51:31	OPTIONS	/test	http://localhost:5173
2025-03-24	21:51:31	GET	/test	http://localhost:5173
2025-03-24	21:51:31	GET	/test	http://localhost:5173
2025-03-24	21:51:35	GET	/test	http://localhost:5173
2025-03-24	21:51:35	GET	/test	http://localhost:5173
2025-03-24	21:52:12	OPTIONS	/test	http://localhost:5173
2025-03-24	21:52:12	OPTIONS	/test	http://localhost:5173
2025-03-24	21:52:12	GET	/test	http://localhost:5173
2025-03-24	21:52:12	GET	/test	http://localhost:5173
2025-03-24	21:53:12	OPTIONS	/test	http://localhost:5173
2025-03-24	21:53:12	OPTIONS	/test	http://localhost:5173
2025-03-24	21:53:12	GET	/test	http://localhost:5173
2025-03-24	21:53:12	GET	/test	http://localhost:5173
2025-03-24	21:53:22	OPTIONS	/test	http://localhost:5173
2025-03-24	21:53:22	OPTIONS	/test	http://localhost:5173
2025-03-24	21:53:22	GET	/test	http://localhost:5173
2025-03-24	21:53:22	GET	/test	http://localhost:5173
2025-03-24	21:53:43	OPTIONS	/test	http://localhost:5173
2025-03-24	21:53:43	OPTIONS	/test	http://localhost:5173
2025-03-24	21:53:43	GET	/test	http://localhost:5173
2025-03-24	21:53:43	GET	/test	http://localhost:5173
2025-03-24	21:53:46	GET	/test	http://localhost:5173
2025-03-24	21:53:46	GET	/test	http://localhost:5173
2025-03-24	21:53:49	OPTIONS	/test	http://localhost:5173
2025-03-24	21:53:49	OPTIONS	/test	http://localhost:5173
2025-03-24	21:53:49	GET	/test	http://localhost:5173
2025-03-24	21:53:49	GET	/test	http://localhost:5173
2025-03-24	21:53:52	GET	/test	http://localhost:5173
2025-03-24	21:53:52	GET	/test	http://localhost:5173
2025-03-24	21:56:11	OPTIONS	/test	http://localhost:5173
2025-03-24	21:56:11	OPTIONS	/test	http://localhost:5173
2025-03-24	21:56:11	GET	/test	http://localhost:5173
2025-03-24	21:56:11	GET	/test	http://localhost:5173
2025-03-24	21:56:25	OPTIONS	/test	http://localhost:5173
2025-03-24	21:56:25	OPTIONS	/test	http://localhost:5173
2025-03-24	21:56:25	GET	/test	http://localhost:5173
2025-03-24	21:56:25	GET	/test	http://localhost:5173
2025-03-24	21:57:04	OPTIONS	/test	http://localhost:5173
2025-03-24	21:57:04	OPTIONS	/test	http://localhost:5173
2025-03-24	21:57:04	GET	/test	http://localhost:5173
2025-03-24	21:57:04	GET	/test	http://localhost:5173
2025-03-24	21:59:22	OPTIONS	/test	http://localhost:5173
2025-03-24	21:59:22	OPTIONS	/test	http://localhost:5173
2025-03-24	21:59:22	GET	/test	http://localhost:5173
2025-03-24	21:59:22	GET	/test	http://localhost:5173
2025-03-24	21:59:29	OPTIONS	/test	http://localhost:5173
2025-03-24	21:59:29	OPTIONS	/test	http://localhost:5173
2025-03-24	21:59:29	GET	/test	http://localhost:5173
2025-03-24	21:59:29	GET	/test	http://localhost:5173
2025-03-24	22:00:09	OPTIONS	/test	http://localhost:5173
2025-03-24	22:00:09	OPTIONS	/test	http://localhost:5173
2025-03-24	22:00:09	GET	/test	http://localhost:5173
2025-03-24	22:00:09	GET	/test	http://localhost:5173
2025-03-24	22:00:15	OPTIONS	/test	http://localhost:5173
2025-03-24	22:00:15	OPTIONS	/test	http://localhost:5173
2025-03-24	22:00:15	GET	/test	http://localhost:5173
2025-03-24	22:00:15	GET	/test	http://localhost:5173
2025-03-24	22:00:21	OPTIONS	/test	http://localhost:5173
2025-03-24	22:00:21	OPTIONS	/test	http://localhost:5173
2025-03-24	22:00:21	GET	/test	http://localhost:5173
2025-03-24	22:00:21	GET	/test	http://localhost:5173
2025-03-24	22:00:23	GET	/test	http://localhost:5173
2025-03-24	22:00:23	GET	/test	http://localhost:5173
2025-03-24	22:00:33	OPTIONS	/test	http://localhost:5173
2025-03-24	22:00:33	OPTIONS	/test	http://localhost:5173
2025-03-24	22:00:33	OPTIONS	/test	http://localhost:5173
2025-03-24	22:00:33	OPTIONS	/test	http://localhost:5173
2025-03-24	22:00:33	GET	/test	http://localhost:5173
2025-03-24	22:00:33	GET	/test	http://localhost:5173
2025-03-24	22:00:33	GET	/test	http://localhost:5173
2025-03-24	22:00:33	GET	/test	http://localhost:5173
2025-03-24	22:00:47	OPTIONS	/test	http://localhost:5173
2025-03-24	22:00:47	OPTIONS	/test	http://localhost:5173
2025-03-24	22:00:47	OPTIONS	/test	http://localhost:5173
2025-03-24	22:00:47	OPTIONS	/test	http://localhost:5173
2025-03-24	22:00:47	GET	/test	http://localhost:5173
2025-03-24	22:00:47	GET	/test	http://localhost:5173
2025-03-24	22:00:47	GET	/test	http://localhost:5173
2025-03-24	22:00:47	GET	/test	http://localhost:5173
2025-03-24	22:01:07	OPTIONS	/test	http://localhost:5173
2025-03-24	22:01:07	OPTIONS	/test	http://localhost:5173
2025-03-24	22:01:07	OPTIONS	/test	http://localhost:5173
2025-03-24	22:01:07	OPTIONS	/test	http://localhost:5173
2025-03-24	22:01:07	GET	/test	http://localhost:5173
2025-03-24	22:01:07	GET	/test	http://localhost:5173
2025-03-24	22:01:07	GET	/test	http://localhost:5173
2025-03-24	22:01:07	GET	/test	http://localhost:5173
2025-03-24	22:01:25	OPTIONS	/test	http://localhost:5173
2025-03-24	22:01:25	OPTIONS	/test	http://localhost:5173
2025-03-24	22:01:25	OPTIONS	/test	http://localhost:5173
2025-03-24	22:01:25	OPTIONS	/test	http://localhost:5173
2025-03-24	22:01:25	GET	/test	http://localhost:5173
2025-03-24	22:01:25	GET	/test	http://localhost:5173
2025-03-24	22:01:25	GET	/test	http://localhost:5173
2025-03-24	22:01:25	GET	/test	http://localhost:5173
2025-03-24	22:01:29	GET	/test	http://localhost:5173
2025-03-24	22:01:29	GET	/test	http://localhost:5173
2025-03-24	22:01:29	GET	/test	http://localhost:5173
2025-03-24	22:01:29	GET	/test	http://localhost:5173
2025-03-24	22:05:46	OPTIONS	/test	http://localhost:5173
2025-03-24	22:05:46	OPTIONS	/test	http://localhost:5173
2025-03-24	22:05:46	GET	/test	http://localhost:5173
2025-03-24	22:05:46	GET	/test	http://localhost:5173
2025-03-24	22:05:46	GET	/test	http://localhost:5173
2025-03-24	22:05:46	GET	/test	http://localhost:5173
2025-03-24	22:06:25	OPTIONS	/test	http://localhost:5173
2025-03-24	22:06:25	OPTIONS	/test	http://localhost:5173
2025-03-24	22:06:25	GET	/test	http://localhost:5173
2025-03-24	22:06:25	GET	/test	http://localhost:5173
2025-03-24	22:06:25	GET	/test	http://localhost:5173
2025-03-24	22:06:25	GET	/test	http://localhost:5173
2025-03-24	22:07:32	OPTIONS	/test	http://localhost:5173
2025-03-24	22:07:32	OPTIONS	/test	http://localhost:5173
2025-03-24	22:07:32	GET	/test	http://localhost:5173
2025-03-24	22:07:32	GET	/test	http://localhost:5173
2025-03-24	22:07:33	GET	/test	http://localhost:5173
2025-03-24	22:07:33	GET	/test	http://localhost:5173
2025-03-24	22:08:32	OPTIONS	/test	http://localhost:5173
2025-03-24	22:08:32	OPTIONS	/test	http://localhost:5173
2025-03-24	22:08:32	GET	/test	http://localhost:5173
2025-03-24	22:08:32	GET	/test	http://localhost:5173
2025-03-24	22:08:46	OPTIONS	/test	http://localhost:5173
2025-03-24	22:08:46	GET	/test	http://localhost:5173
2025-03-24	22:08:46	GET	/test	http://localhost:5173
2025-03-24	22:08:48	GET	/test	http://localhost:5173
2025-03-24	22:08:48	GET	/test	http://localhost:5173
2025-03-24	22:08:51	GET	/test	http://localhost:5173
2025-03-24	22:08:51	GET	/test	http://localhost:5173
2025-03-24	22:09:12	OPTIONS	/test	http://localhost:5173
2025-03-24	22:09:12	OPTIONS	/test	http://localhost:5173
2025-03-24	22:09:12	GET	/test	http://localhost:5173
2025-03-24	22:09:12	GET	/test	http://localhost:5173
2025-03-24	22:11:53	OPTIONS	/test	http://localhost:5173
2025-03-24	22:11:53	OPTIONS	/test	http://localhost:5173
2025-03-24	22:11:53	GET	/test	http://localhost:5173
2025-03-24	22:11:53	GET	/test	http://localhost:5173
2025-03-24	22:12:04	OPTIONS	/test	http://localhost:5173
2025-03-24	22:12:04	OPTIONS	/test	http://localhost:5173
2025-03-24	22:12:04	GET	/test	http://localhost:5173
2025-03-24	22:12:04	GET	/test	http://localhost:5173
2025-03-24	22:12:05	GET	/test	http://localhost:5173
2025-03-24	22:12:05	GET	/test	http://localhost:5173
2025-03-24	22:12:09	GET	/test	http://localhost:5173
2025-03-24	22:12:09	GET	/test	http://localhost:5173
2025-03-24	22:12:10	OPTIONS	/test	http://localhost:5173
2025-03-24	22:12:10	OPTIONS	/test	http://localhost:5173
2025-03-24	22:12:10	GET	/test	http://localhost:5173
2025-03-24	22:12:10	GET	/test	http://localhost:5173
2025-03-24	22:12:14	GET	/test	http://localhost:5173
2025-03-24	22:12:14	GET	/test	http://localhost:5173
2025-03-24	22:12:16	OPTIONS	/test	http://localhost:5173
2025-03-24	22:12:16	OPTIONS	/test	http://localhost:5173
2025-03-24	22:12:16	GET	/test	http://localhost:5173
2025-03-24	22:12:16	GET	/test	http://localhost:5173
2025-03-24	22:12:20	GET	/test	http://localhost:5173
2025-03-24	22:12:20	GET	/test	http://localhost:5173
2025-03-24	22:12:46	OPTIONS	/test	http://localhost:5173
2025-03-24	22:12:46	OPTIONS	/test	http://localhost:5173
2025-03-24	22:12:46	GET	/test	http://localhost:5173
2025-03-24	22:12:46	GET	/test	http://localhost:5173
2025-03-24	22:13:57	OPTIONS	/api/login	http://localhost:5173
2025-03-24	22:13:57	POST	/api/login	http://localhost:5173
2025-03-24	22:13:57	OPTIONS	/test	http://localhost:5173
2025-03-24	22:13:57	OPTIONS	/test	http://localhost:5173
2025-03-24	22:13:57	GET	/test	http://localhost:5173
2025-03-24	22:13:57	GET	/test	http://localhost:5173
2025-03-24	22:52:48	OPTIONS	/test	http://localhost:5173
2025-03-24	22:52:48	OPTIONS	/test	http://localhost:5173
2025-03-24	22:52:48	GET	/test	http://localhost:5173
2025-03-24	22:52:48	GET	/test	http://localhost:5173
2025-03-24	22:52:53	OPTIONS	/test	http://localhost:5173
2025-03-24	22:52:53	OPTIONS	/test	http://localhost:5173
2025-03-24	22:52:53	GET	/test	http://localhost:5173
2025-03-24	22:52:53	GET	/test	http://localhost:5173
2025-03-24	22:56:46	OPTIONS	/test	http://localhost:5173
2025-03-24	22:56:46	OPTIONS	/test	http://localhost:5173
2025-03-24	22:56:46	GET	/test	http://localhost:5173
2025-03-24	22:56:46	GET	/test	http://localhost:5173
2025-03-24	23:38:34	OPTIONS	/api/login	http://localhost:5173
2025-03-24	23:38:34	POST	/api/login	http://localhost:5173
2025-03-24	23:38:34	OPTIONS	/test	http://localhost:5173
2025-03-24	23:38:34	OPTIONS	/test	http://localhost:5173
2025-03-24	23:38:34	GET	/test	http://localhost:5173
2025-03-24	23:38:34	GET	/test	http://localhost:5173
2025-03-24	23:38:47	OPTIONS	/test	http://localhost:5173
2025-03-24	23:38:47	OPTIONS	/test	http://localhost:5173
2025-03-24	23:38:47	GET	/test	http://localhost:5173
2025-03-24	23:38:47	GET	/test	http://localhost:5173
2025-03-24	23:39:18	OPTIONS	/test	http://localhost:5173
2025-03-24	23:39:18	OPTIONS	/test	http://localhost:5173
2025-03-24	23:39:18	GET	/test	http://localhost:5173
2025-03-24	23:39:18	GET	/test	http://localhost:5173
